<?xml version="1.0" encoding="UTF-8"?>
<!-- Generated by org.testng.reporters.JUnitReportReporter -->
<testsuite skipped="0" hostname="DESKTOP-9448OA7" name="testcases.TC002" tests="1" failures="0" timestamp="22 Sep 2022 18:51:28 GMT" time="41.267" errors="0">
  <testcase name="customerLogin" time="41.267" classname="testcases.TC002"/>
</testsuite> <!-- testcases.TC002 -->
