<?xml version="1.0" encoding="UTF-8"?>
<!-- Generated by org.testng.reporters.JUnitReportReporter -->
<testsuite skipped="1" hostname="DESKTOP-9448OA7" name="pom.irctc.testcase.TC008" tests="1" failures="0" timestamp="14 Sep 2022 04:03:54 GMT" time="0.000" errors="0">
  <testcase name="promptAlert" time="0.000" classname="pom.irctc.testcase.TC008">
    <skipped/>
  </testcase> <!-- promptAlert -->
</testsuite> <!-- pom.irctc.testcase.TC008 -->
