<?xml version="1.0" encoding="UTF-8"?>
<!-- Generated by org.testng.reporters.JUnitReportReporter -->
<testsuite skipped="1" hostname="DESKTOP-9448OA7" name="pom.irctc.testcase.TC004" tests="1" failures="0" timestamp="14 Sep 2022 04:03:54 GMT" time="0.003" errors="0">
  <testcase name="bookHotels" time="0.003" classname="pom.irctc.testcase.TC004">
    <skipped/>
  </testcase> <!-- bookHotels -->
</testsuite> <!-- pom.irctc.testcase.TC004 -->
